android/app/build/intermediates/manifest_merge_blame_file/release/manifest-merger-blame-release-report.txt
1<?xml version="1.0" encoding="utf-8"?>
2<manifest xmlns:android="http://schemas.android.com/apk/res/android"
3    package="io.tirgo.drive"
4    android:versionCode="27"
5    android:versionName="0.0.27" >
6
7    <uses-sdk
8        android:minSdkVersion="22"
9        android:targetSdkVersion="34" />
10
11    <!-- Permissions -->
12    <uses-permission android:name="android.permission.INTERNET" />
12-->src\main\AndroidManifest.xml:42:5-67
12-->src\main\AndroidManifest.xml:42:22-64
13    <uses-permission android:name="android.permission.ACCESS_FINE_LOCATION" /> <!-- Permission for geolocation -->
13-->src\main\AndroidManifest.xml:43:5-79
13-->src\main\AndroidManifest.xml:43:22-76
14    <uses-permission android:name="android.permission.ACCESS_COARSE_LOCATION" /> <!-- Additional permission for geolocation if needed -->
14-->src\main\AndroidManifest.xml:44:5-81
14-->src\main\AndroidManifest.xml:44:22-78
15    <uses-permission android:name="com.google.android.c2dm.permission.RECEIVE" /> <!-- Permission for push notifications -->
15-->src\main\AndroidManifest.xml:45:5-82
15-->src\main\AndroidManifest.xml:45:22-79
16    <uses-permission android:name="android.permission.WAKE_LOCK" /> <!-- Permission needed to keep device awake for push notifications -->
16-->src\main\AndroidManifest.xml:46:5-68
16-->src\main\AndroidManifest.xml:46:22-65
17    <uses-permission android:name="android.permission.READ_EXTERNAL_STORAGE" />
17-->src\main\AndroidManifest.xml:47:9-84
17-->src\main\AndroidManifest.xml:47:26-81
18    <uses-permission android:name="android.permission.WRITE_EXTERNAL_STORAGE" />
18-->src\main\AndroidManifest.xml:48:5-81
18-->src\main\AndroidManifest.xml:48:22-78
19    <uses-permission android:name="android.permission.POST_NOTIFICATIONS" />
19-->src\main\AndroidManifest.xml:49:5-77
19-->src\main\AndroidManifest.xml:49:22-74
20    <uses-permission android:name="android.permission.CAMERA" />
20-->src\main\AndroidManifest.xml:50:5-65
20-->src\main\AndroidManifest.xml:50:22-62
21
22    <uses-feature android:name="android.hardware.camera.flash" />
22-->src\main\AndroidManifest.xml:51:5-66
22-->src\main\AndroidManifest.xml:51:19-63
23    <uses-feature android:name="android.hardware.camera.autofocus" />
23-->src\main\AndroidManifest.xml:52:5-70
23-->src\main\AndroidManifest.xml:52:19-67
24    <uses-feature
24-->src\main\AndroidManifest.xml:53:5-84
25        android:name="android.hardware.camera"
25-->src\main\AndroidManifest.xml:53:19-57
26        android:required="true" />
26-->src\main\AndroidManifest.xml:53:58-81
27    <uses-feature
27-->src\main\AndroidManifest.xml:54:5-88
28        android:name="android.hardware.microphone"
28-->src\main\AndroidManifest.xml:54:19-61
29        android:required="true" />
29-->src\main\AndroidManifest.xml:54:62-85
30
31    <uses-permission android:name="android.permission.MICROPHONE" />
31-->src\main\AndroidManifest.xml:55:5-69
31-->src\main\AndroidManifest.xml:55:22-66
32    <uses-permission android:name="android.permission.MODIFY_AUDIO_SETTINGS" />
32-->src\main\AndroidManifest.xml:56:5-80
32-->src\main\AndroidManifest.xml:56:22-77
33    <uses-permission android:name="android.permission.RECORD_AUDIO" />
33-->src\main\AndroidManifest.xml:57:5-71
33-->src\main\AndroidManifest.xml:57:22-68
34    <uses-permission android:name="android.permission.WAKE_LOCK" />
34-->src\main\AndroidManifest.xml:46:5-68
34-->src\main\AndroidManifest.xml:46:22-65
35    <uses-permission android:name="android.permission.ACCESS_NETWORK_STATE" />
35-->src\main\AndroidManifest.xml:59:5-79
35-->src\main\AndroidManifest.xml:59:22-76
36    <uses-permission android:name="android.permission.ACCESS_WIFI_STATE" />
36-->src\main\AndroidManifest.xml:60:5-76
36-->src\main\AndroidManifest.xml:60:22-73
37    <uses-permission android:name="android.permission.ACCESS_FINE_LOCATION" />
37-->src\main\AndroidManifest.xml:43:5-79
37-->src\main\AndroidManifest.xml:43:22-76
38    <uses-permission android:name="android.permission.READ_MEDIA_IMAGES" />
38-->src\main\AndroidManifest.xml:62:5-76
38-->src\main\AndroidManifest.xml:62:22-73
39    <uses-permission android:name="android.permission.ACTION_CREATE_DOCUMENT" />
39-->src\main\AndroidManifest.xml:63:5-81
39-->src\main\AndroidManifest.xml:63:22-78
40    <uses-permission android:name="android.permission.ACTION_OPEN_DOCUMENT" />
40-->src\main\AndroidManifest.xml:64:5-79
40-->src\main\AndroidManifest.xml:64:22-76
41    <uses-permission android:name="com.google.android.gms.permission.AD_ID" />
41-->src\main\AndroidManifest.xml:65:5-79
41-->src\main\AndroidManifest.xml:65:22-76
42
43    <queries>
43-->[:capacitor-browser] AndroidManifest.xml:7:5-11:15
44        <intent>
44-->[:capacitor-browser] AndroidManifest.xml:8:9-10:18
45            <action android:name="android.support.customtabs.action.CustomTabsService" />
45-->[:capacitor-browser] AndroidManifest.xml:9:13-90
45-->[:capacitor-browser] AndroidManifest.xml:9:21-87
46        </intent>
47        <intent>
47-->[:capacitor-camera] AndroidManifest.xml:8:9-10:18
48            <action android:name="android.media.action.IMAGE_CAPTURE" />
48-->[:capacitor-camera] AndroidManifest.xml:9:13-73
48-->[:capacitor-camera] AndroidManifest.xml:9:21-70
49        </intent>
50    </queries>
51
52    <uses-permission android:name="android.permission.VIBRATE" />
52-->[:capacitor-haptics] AndroidManifest.xml:7:5-66
52-->[:capacitor-haptics] AndroidManifest.xml:7:22-63
53    <uses-permission android:name="android.permission.CALL_PHONE" />
53-->[:capacitor-call-number] AndroidManifest.xml:7:5-69
53-->[:capacitor-call-number] AndroidManifest.xml:7:22-66
54
55    <uses-feature
55-->[:capacitor-call-number] AndroidManifest.xml:9:5-11:36
56        android:name="android.hardware.telephony"
56-->[:capacitor-call-number] AndroidManifest.xml:10:9-50
57        android:required="false" />
57-->[:capacitor-call-number] AndroidManifest.xml:11:9-33
58
59    <uses-permission android:name="com.google.android.finsky.permission.BIND_GET_INSTALL_REFERRER_SERVICE" />
59-->[com.google.android.gms:play-services-measurement:21.5.1] AndroidManifest.xml:26:5-110
59-->[com.google.android.gms:play-services-measurement:21.5.1] AndroidManifest.xml:26:22-107
60    <uses-permission android:name="android.permission.ACCESS_ADSERVICES_ATTRIBUTION" />
60-->[com.google.android.gms:play-services-measurement-api:21.5.1] AndroidManifest.xml:26:5-88
60-->[com.google.android.gms:play-services-measurement-api:21.5.1] AndroidManifest.xml:26:22-85
61    <uses-permission android:name="android.permission.ACCESS_ADSERVICES_AD_ID" />
61-->[com.google.android.gms:play-services-measurement-api:21.5.1] AndroidManifest.xml:27:5-82
61-->[com.google.android.gms:play-services-measurement-api:21.5.1] AndroidManifest.xml:27:22-79
62
63    <permission
63-->[androidx.core:core:1.12.0] AndroidManifest.xml:22:5-24:47
64        android:name="io.tirgo.drive.DYNAMIC_RECEIVER_NOT_EXPORTED_PERMISSION"
64-->[androidx.core:core:1.12.0] AndroidManifest.xml:23:9-81
65        android:protectionLevel="signature" />
65-->[androidx.core:core:1.12.0] AndroidManifest.xml:24:9-44
66
67    <uses-permission android:name="io.tirgo.drive.DYNAMIC_RECEIVER_NOT_EXPORTED_PERMISSION" />
67-->[androidx.core:core:1.12.0] AndroidManifest.xml:26:5-97
67-->[androidx.core:core:1.12.0] AndroidManifest.xml:26:22-94
68
69    <application
69-->src\main\AndroidManifest.xml:4:5-39:19
70        android:allowBackup="true"
70-->src\main\AndroidManifest.xml:5:9-35
71        android:appComponentFactory="androidx.core.app.CoreComponentFactory"
71-->[androidx.core:core:1.12.0] AndroidManifest.xml:28:18-86
72        android:extractNativeLibs="true"
73        android:icon="@mipmap/ic_launcher"
73-->src\main\AndroidManifest.xml:6:9-43
74        android:label="@string/app_name"
74-->src\main\AndroidManifest.xml:7:9-41
75        android:roundIcon="@mipmap/ic_launcher_round"
75-->src\main\AndroidManifest.xml:8:9-54
76        android:supportsRtl="true"
76-->src\main\AndroidManifest.xml:9:9-35
77        android:theme="@style/AppTheme" >
77-->src\main\AndroidManifest.xml:10:9-40
78        <meta-data
78-->src\main\AndroidManifest.xml:11:5-13:32
79            android:name="com.google.android.gms.ads.DELAY_APP_MEASUREMENT_INIT"
79-->src\main\AndroidManifest.xml:12:9-77
80            android:value="true" />
80-->src\main\AndroidManifest.xml:13:9-29
81
82        <activity
82-->src\main\AndroidManifest.xml:15:9-28:20
83            android:name="io.tirgo.drive.MainActivity"
83-->src\main\AndroidManifest.xml:17:13-41
84            android:configChanges="orientation|keyboardHidden|keyboard|screenSize|locale|smallestScreenSize|screenLayout|uiMode"
84-->src\main\AndroidManifest.xml:16:13-129
85            android:exported="true"
85-->src\main\AndroidManifest.xml:21:13-36
86            android:label="@string/title_activity_main"
86-->src\main\AndroidManifest.xml:18:13-56
87            android:launchMode="singleTask"
87-->src\main\AndroidManifest.xml:20:13-44
88            android:theme="@style/AppTheme.NoActionBarLaunch" >
88-->src\main\AndroidManifest.xml:19:13-62
89            <intent-filter>
89-->src\main\AndroidManifest.xml:23:13-26:29
90                <action android:name="android.intent.action.MAIN" />
90-->src\main\AndroidManifest.xml:24:17-69
90-->src\main\AndroidManifest.xml:24:25-66
91
92                <category android:name="android.intent.category.LAUNCHER" />
92-->src\main\AndroidManifest.xml:25:17-77
92-->src\main\AndroidManifest.xml:25:27-74
93            </intent-filter>
94        </activity>
95
96        <provider
97            android:name="androidx.core.content.FileProvider"
97-->src\main\AndroidManifest.xml:31:13-62
98            android:authorities="io.tirgo.drive.fileprovider"
98-->src\main\AndroidManifest.xml:32:13-64
99            android:exported="false"
99-->src\main\AndroidManifest.xml:33:13-37
100            android:grantUriPermissions="true" >
100-->src\main\AndroidManifest.xml:34:13-47
101            <meta-data
101-->src\main\AndroidManifest.xml:35:13-37:64
102                android:name="android.support.FILE_PROVIDER_PATHS"
102-->src\main\AndroidManifest.xml:36:17-67
103                android:resource="@xml/file_paths" />
103-->src\main\AndroidManifest.xml:37:17-51
104        </provider>
105
106        <activity
106-->[:capacitor-browser] AndroidManifest.xml:14:9-18:75
107            android:name="com.capacitorjs.plugins.browser.BrowserControllerActivity"
107-->[:capacitor-browser] AndroidManifest.xml:15:13-85
108            android:exported="false"
108-->[:capacitor-browser] AndroidManifest.xml:16:13-37
109            android:launchMode="singleTask"
109-->[:capacitor-browser] AndroidManifest.xml:17:13-44
110            android:theme="@android:style/Theme.Translucent.NoTitleBar" />
110-->[:capacitor-browser] AndroidManifest.xml:18:13-72
111
112        <service
112-->[:capacitor-push-notifications] AndroidManifest.xml:8:9-14:19
113            android:name="com.capacitorjs.plugins.pushnotifications.MessagingService"
113-->[:capacitor-push-notifications] AndroidManifest.xml:9:13-86
114            android:exported="false" >
114-->[:capacitor-push-notifications] AndroidManifest.xml:10:13-37
115            <intent-filter>
115-->[:capacitor-push-notifications] AndroidManifest.xml:11:13-13:29
116                <action android:name="com.google.firebase.MESSAGING_EVENT" />
116-->[:capacitor-push-notifications] AndroidManifest.xml:12:17-78
116-->[:capacitor-push-notifications] AndroidManifest.xml:12:25-75
117            </intent-filter>
118        </service>
119
120        <receiver
120-->[com.google.firebase:firebase-messaging:23.3.1] AndroidManifest.xml:29:9-40:20
121            android:name="com.google.firebase.iid.FirebaseInstanceIdReceiver"
121-->[com.google.firebase:firebase-messaging:23.3.1] AndroidManifest.xml:30:13-78
122            android:exported="true"
122-->[com.google.firebase:firebase-messaging:23.3.1] AndroidManifest.xml:31:13-36
123            android:permission="com.google.android.c2dm.permission.SEND" >
123-->[com.google.firebase:firebase-messaging:23.3.1] AndroidManifest.xml:32:13-73
124            <intent-filter>
124-->[com.google.firebase:firebase-messaging:23.3.1] AndroidManifest.xml:33:13-35:29
125                <action android:name="com.google.android.c2dm.intent.RECEIVE" />
125-->[com.google.firebase:firebase-messaging:23.3.1] AndroidManifest.xml:34:17-81
125-->[com.google.firebase:firebase-messaging:23.3.1] AndroidManifest.xml:34:25-78
126            </intent-filter>
127
128            <meta-data
128-->[com.google.firebase:firebase-messaging:23.3.1] AndroidManifest.xml:37:13-39:40
129                android:name="com.google.android.gms.cloudmessaging.FINISHED_AFTER_HANDLED"
129-->[com.google.firebase:firebase-messaging:23.3.1] AndroidManifest.xml:38:17-92
130                android:value="true" />
130-->[com.google.firebase:firebase-messaging:23.3.1] AndroidManifest.xml:39:17-37
131        </receiver>
132        <!--
133             FirebaseMessagingService performs security checks at runtime,
134             but set to not exported to explicitly avoid allowing another app to call it.
135        -->
136        <service
136-->[com.google.firebase:firebase-messaging:23.3.1] AndroidManifest.xml:46:9-53:19
137            android:name="com.google.firebase.messaging.FirebaseMessagingService"
137-->[com.google.firebase:firebase-messaging:23.3.1] AndroidManifest.xml:47:13-82
138            android:directBootAware="true"
138-->[com.google.firebase:firebase-messaging:23.3.1] AndroidManifest.xml:48:13-43
139            android:exported="false" >
139-->[com.google.firebase:firebase-messaging:23.3.1] AndroidManifest.xml:49:13-37
140            <intent-filter android:priority="-500" >
140-->[:capacitor-push-notifications] AndroidManifest.xml:11:13-13:29
141                <action android:name="com.google.firebase.MESSAGING_EVENT" />
141-->[:capacitor-push-notifications] AndroidManifest.xml:12:17-78
141-->[:capacitor-push-notifications] AndroidManifest.xml:12:25-75
142            </intent-filter>
143        </service>
144        <service
144-->[com.google.firebase:firebase-messaging:23.3.1] AndroidManifest.xml:54:9-63:19
145            android:name="com.google.firebase.components.ComponentDiscoveryService"
145-->[com.google.firebase:firebase-messaging:23.3.1] AndroidManifest.xml:55:13-84
146            android:directBootAware="true"
146-->[com.google.firebase:firebase-common:20.4.2] AndroidManifest.xml:32:13-43
147            android:exported="false" >
147-->[com.google.firebase:firebase-messaging:23.3.1] AndroidManifest.xml:56:13-37
148            <meta-data
148-->[com.google.firebase:firebase-messaging:23.3.1] AndroidManifest.xml:57:13-59:85
149                android:name="com.google.firebase.components:com.google.firebase.messaging.FirebaseMessagingKtxRegistrar"
149-->[com.google.firebase:firebase-messaging:23.3.1] AndroidManifest.xml:58:17-122
150                android:value="com.google.firebase.components.ComponentRegistrar" />
150-->[com.google.firebase:firebase-messaging:23.3.1] AndroidManifest.xml:59:17-82
151            <meta-data
151-->[com.google.firebase:firebase-messaging:23.3.1] AndroidManifest.xml:60:13-62:85
152                android:name="com.google.firebase.components:com.google.firebase.messaging.FirebaseMessagingRegistrar"
152-->[com.google.firebase:firebase-messaging:23.3.1] AndroidManifest.xml:61:17-119
153                android:value="com.google.firebase.components.ComponentRegistrar" />
153-->[com.google.firebase:firebase-messaging:23.3.1] AndroidManifest.xml:62:17-82
154            <meta-data
154-->[com.google.android.gms:play-services-measurement-api:21.5.1] AndroidManifest.xml:37:13-39:85
155                android:name="com.google.firebase.components:com.google.firebase.analytics.connector.internal.AnalyticsConnectorRegistrar"
155-->[com.google.android.gms:play-services-measurement-api:21.5.1] AndroidManifest.xml:38:17-139
156                android:value="com.google.firebase.components.ComponentRegistrar" />
156-->[com.google.android.gms:play-services-measurement-api:21.5.1] AndroidManifest.xml:39:17-82
157            <meta-data
157-->[com.google.firebase:firebase-installations:17.2.0] AndroidManifest.xml:15:13-17:85
158                android:name="com.google.firebase.components:com.google.firebase.installations.FirebaseInstallationsKtxRegistrar"
158-->[com.google.firebase:firebase-installations:17.2.0] AndroidManifest.xml:16:17-130
159                android:value="com.google.firebase.components.ComponentRegistrar" />
159-->[com.google.firebase:firebase-installations:17.2.0] AndroidManifest.xml:17:17-82
160            <meta-data
160-->[com.google.firebase:firebase-installations:17.2.0] AndroidManifest.xml:18:13-20:85
161                android:name="com.google.firebase.components:com.google.firebase.installations.FirebaseInstallationsRegistrar"
161-->[com.google.firebase:firebase-installations:17.2.0] AndroidManifest.xml:19:17-127
162                android:value="com.google.firebase.components.ComponentRegistrar" />
162-->[com.google.firebase:firebase-installations:17.2.0] AndroidManifest.xml:20:17-82
163            <meta-data
163-->[com.google.firebase:firebase-common-ktx:20.4.2] AndroidManifest.xml:12:13-14:85
164                android:name="com.google.firebase.components:com.google.firebase.ktx.FirebaseCommonLegacyRegistrar"
164-->[com.google.firebase:firebase-common-ktx:20.4.2] AndroidManifest.xml:13:17-116
165                android:value="com.google.firebase.components.ComponentRegistrar" />
165-->[com.google.firebase:firebase-common-ktx:20.4.2] AndroidManifest.xml:14:17-82
166            <meta-data
166-->[com.google.firebase:firebase-common:20.4.2] AndroidManifest.xml:35:13-37:85
167                android:name="com.google.firebase.components:com.google.firebase.FirebaseCommonKtxRegistrar"
167-->[com.google.firebase:firebase-common:20.4.2] AndroidManifest.xml:36:17-109
168                android:value="com.google.firebase.components.ComponentRegistrar" />
168-->[com.google.firebase:firebase-common:20.4.2] AndroidManifest.xml:37:17-82
169            <meta-data
169-->[com.google.firebase:firebase-datatransport:18.1.7] AndroidManifest.xml:27:13-29:85
170                android:name="com.google.firebase.components:com.google.firebase.datatransport.TransportRegistrar"
170-->[com.google.firebase:firebase-datatransport:18.1.7] AndroidManifest.xml:28:17-115
171                android:value="com.google.firebase.components.ComponentRegistrar" />
171-->[com.google.firebase:firebase-datatransport:18.1.7] AndroidManifest.xml:29:17-82
172        </service>
173
174        <activity
174-->[com.google.android.gms:play-services-base:18.1.0] AndroidManifest.xml:20:9-22:45
175            android:name="com.google.android.gms.common.api.GoogleApiActivity"
175-->[com.google.android.gms:play-services-base:18.1.0] AndroidManifest.xml:20:19-85
176            android:exported="false"
176-->[com.google.android.gms:play-services-base:18.1.0] AndroidManifest.xml:22:19-43
177            android:theme="@android:style/Theme.Translucent.NoTitleBar" />
177-->[com.google.android.gms:play-services-base:18.1.0] AndroidManifest.xml:21:19-78
178
179        <receiver
179-->[com.google.android.gms:play-services-measurement:21.5.1] AndroidManifest.xml:29:9-33:20
180            android:name="com.google.android.gms.measurement.AppMeasurementReceiver"
180-->[com.google.android.gms:play-services-measurement:21.5.1] AndroidManifest.xml:30:13-85
181            android:enabled="true"
181-->[com.google.android.gms:play-services-measurement:21.5.1] AndroidManifest.xml:31:13-35
182            android:exported="false" >
182-->[com.google.android.gms:play-services-measurement:21.5.1] AndroidManifest.xml:32:13-37
183        </receiver>
184
185        <service
185-->[com.google.android.gms:play-services-measurement:21.5.1] AndroidManifest.xml:35:9-38:40
186            android:name="com.google.android.gms.measurement.AppMeasurementService"
186-->[com.google.android.gms:play-services-measurement:21.5.1] AndroidManifest.xml:36:13-84
187            android:enabled="true"
187-->[com.google.android.gms:play-services-measurement:21.5.1] AndroidManifest.xml:37:13-35
188            android:exported="false" />
188-->[com.google.android.gms:play-services-measurement:21.5.1] AndroidManifest.xml:38:13-37
189        <service
189-->[com.google.android.gms:play-services-measurement:21.5.1] AndroidManifest.xml:39:9-43:72
190            android:name="com.google.android.gms.measurement.AppMeasurementJobService"
190-->[com.google.android.gms:play-services-measurement:21.5.1] AndroidManifest.xml:40:13-87
191            android:enabled="true"
191-->[com.google.android.gms:play-services-measurement:21.5.1] AndroidManifest.xml:41:13-35
192            android:exported="false"
192-->[com.google.android.gms:play-services-measurement:21.5.1] AndroidManifest.xml:42:13-37
193            android:permission="android.permission.BIND_JOB_SERVICE" />
193-->[com.google.android.gms:play-services-measurement:21.5.1] AndroidManifest.xml:43:13-69
194
195        <property
195-->[com.google.android.gms:play-services-measurement-api:21.5.1] AndroidManifest.xml:30:9-32:61
196            android:name="android.adservices.AD_SERVICES_CONFIG"
196-->[com.google.android.gms:play-services-measurement-api:21.5.1] AndroidManifest.xml:31:13-65
197            android:resource="@xml/ga_ad_services_config" />
197-->[com.google.android.gms:play-services-measurement-api:21.5.1] AndroidManifest.xml:32:13-58
198
199        <provider
199-->[com.google.firebase:firebase-common:20.4.2] AndroidManifest.xml:23:9-28:39
200            android:name="com.google.firebase.provider.FirebaseInitProvider"
200-->[com.google.firebase:firebase-common:20.4.2] AndroidManifest.xml:24:13-77
201            android:authorities="io.tirgo.drive.firebaseinitprovider"
201-->[com.google.firebase:firebase-common:20.4.2] AndroidManifest.xml:25:13-72
202            android:directBootAware="true"
202-->[com.google.firebase:firebase-common:20.4.2] AndroidManifest.xml:26:13-43
203            android:exported="false"
203-->[com.google.firebase:firebase-common:20.4.2] AndroidManifest.xml:27:13-37
204            android:initOrder="100" />
204-->[com.google.firebase:firebase-common:20.4.2] AndroidManifest.xml:28:13-36
205
206        <uses-library
206-->[androidx.privacysandbox.ads:ads-adservices:1.0.0-beta05] AndroidManifest.xml:23:9-25:40
207            android:name="android.ext.adservices"
207-->[androidx.privacysandbox.ads:ads-adservices:1.0.0-beta05] AndroidManifest.xml:24:13-50
208            android:required="false" />
208-->[androidx.privacysandbox.ads:ads-adservices:1.0.0-beta05] AndroidManifest.xml:25:13-37
209
210        <provider
210-->[androidx.emoji2:emoji2:1.2.0] AndroidManifest.xml:24:9-32:20
211            android:name="androidx.startup.InitializationProvider"
211-->[androidx.emoji2:emoji2:1.2.0] AndroidManifest.xml:25:13-67
212            android:authorities="io.tirgo.drive.androidx-startup"
212-->[androidx.emoji2:emoji2:1.2.0] AndroidManifest.xml:26:13-68
213            android:exported="false" >
213-->[androidx.emoji2:emoji2:1.2.0] AndroidManifest.xml:27:13-37
214            <meta-data
214-->[androidx.emoji2:emoji2:1.2.0] AndroidManifest.xml:29:13-31:52
215                android:name="androidx.emoji2.text.EmojiCompatInitializer"
215-->[androidx.emoji2:emoji2:1.2.0] AndroidManifest.xml:30:17-75
216                android:value="androidx.startup" />
216-->[androidx.emoji2:emoji2:1.2.0] AndroidManifest.xml:31:17-49
217            <meta-data
217-->[androidx.lifecycle:lifecycle-process:2.6.1] AndroidManifest.xml:29:13-31:52
218                android:name="androidx.lifecycle.ProcessLifecycleInitializer"
218-->[androidx.lifecycle:lifecycle-process:2.6.1] AndroidManifest.xml:30:17-78
219                android:value="androidx.startup" />
219-->[androidx.lifecycle:lifecycle-process:2.6.1] AndroidManifest.xml:31:17-49
220            <meta-data
220-->[androidx.profileinstaller:profileinstaller:1.3.0] AndroidManifest.xml:29:13-31:52
221                android:name="androidx.profileinstaller.ProfileInstallerInitializer"
221-->[androidx.profileinstaller:profileinstaller:1.3.0] AndroidManifest.xml:30:17-85
222                android:value="androidx.startup" />
222-->[androidx.profileinstaller:profileinstaller:1.3.0] AndroidManifest.xml:31:17-49
223        </provider>
224
225        <meta-data
225-->[com.google.android.gms:play-services-basement:18.1.0] AndroidManifest.xml:21:9-23:69
226            android:name="com.google.android.gms.version"
226-->[com.google.android.gms:play-services-basement:18.1.0] AndroidManifest.xml:22:13-58
227            android:value="@integer/google_play_services_version" />
227-->[com.google.android.gms:play-services-basement:18.1.0] AndroidManifest.xml:23:13-66
228
229        <receiver
229-->[androidx.profileinstaller:profileinstaller:1.3.0] AndroidManifest.xml:34:9-52:20
230            android:name="androidx.profileinstaller.ProfileInstallReceiver"
230-->[androidx.profileinstaller:profileinstaller:1.3.0] AndroidManifest.xml:35:13-76
231            android:directBootAware="false"
231-->[androidx.profileinstaller:profileinstaller:1.3.0] AndroidManifest.xml:36:13-44
232            android:enabled="true"
232-->[androidx.profileinstaller:profileinstaller:1.3.0] AndroidManifest.xml:37:13-35
233            android:exported="true"
233-->[androidx.profileinstaller:profileinstaller:1.3.0] AndroidManifest.xml:38:13-36
234            android:permission="android.permission.DUMP" >
234-->[androidx.profileinstaller:profileinstaller:1.3.0] AndroidManifest.xml:39:13-57
235            <intent-filter>
235-->[androidx.profileinstaller:profileinstaller:1.3.0] AndroidManifest.xml:40:13-42:29
236                <action android:name="androidx.profileinstaller.action.INSTALL_PROFILE" />
236-->[androidx.profileinstaller:profileinstaller:1.3.0] AndroidManifest.xml:41:17-91
236-->[androidx.profileinstaller:profileinstaller:1.3.0] AndroidManifest.xml:41:25-88
237            </intent-filter>
238            <intent-filter>
238-->[androidx.profileinstaller:profileinstaller:1.3.0] AndroidManifest.xml:43:13-45:29
239                <action android:name="androidx.profileinstaller.action.SKIP_FILE" />
239-->[androidx.profileinstaller:profileinstaller:1.3.0] AndroidManifest.xml:44:17-85
239-->[androidx.profileinstaller:profileinstaller:1.3.0] AndroidManifest.xml:44:25-82
240            </intent-filter>
241            <intent-filter>
241-->[androidx.profileinstaller:profileinstaller:1.3.0] AndroidManifest.xml:46:13-48:29
242                <action android:name="androidx.profileinstaller.action.SAVE_PROFILE" />
242-->[androidx.profileinstaller:profileinstaller:1.3.0] AndroidManifest.xml:47:17-88
242-->[androidx.profileinstaller:profileinstaller:1.3.0] AndroidManifest.xml:47:25-85
243            </intent-filter>
244            <intent-filter>
244-->[androidx.profileinstaller:profileinstaller:1.3.0] AndroidManifest.xml:49:13-51:29
245                <action android:name="androidx.profileinstaller.action.BENCHMARK_OPERATION" />
245-->[androidx.profileinstaller:profileinstaller:1.3.0] AndroidManifest.xml:50:17-95
245-->[androidx.profileinstaller:profileinstaller:1.3.0] AndroidManifest.xml:50:25-92
246            </intent-filter>
247        </receiver>
248
249        <service
249-->[com.google.android.datatransport:transport-backend-cct:3.1.8] AndroidManifest.xml:28:9-34:19
250            android:name="com.google.android.datatransport.runtime.backends.TransportBackendDiscovery"
250-->[com.google.android.datatransport:transport-backend-cct:3.1.8] AndroidManifest.xml:29:13-103
251            android:exported="false" >
251-->[com.google.android.datatransport:transport-backend-cct:3.1.8] AndroidManifest.xml:30:13-37
252            <meta-data
252-->[com.google.android.datatransport:transport-backend-cct:3.1.8] AndroidManifest.xml:31:13-33:39
253                android:name="backend:com.google.android.datatransport.cct.CctBackendFactory"
253-->[com.google.android.datatransport:transport-backend-cct:3.1.8] AndroidManifest.xml:32:17-94
254                android:value="cct" />
254-->[com.google.android.datatransport:transport-backend-cct:3.1.8] AndroidManifest.xml:33:17-36
255        </service>
256        <service
256-->[com.google.android.datatransport:transport-runtime:3.1.8] AndroidManifest.xml:26:9-30:19
257            android:name="com.google.android.datatransport.runtime.scheduling.jobscheduling.JobInfoSchedulerService"
257-->[com.google.android.datatransport:transport-runtime:3.1.8] AndroidManifest.xml:27:13-117
258            android:exported="false"
258-->[com.google.android.datatransport:transport-runtime:3.1.8] AndroidManifest.xml:28:13-37
259            android:permission="android.permission.BIND_JOB_SERVICE" >
259-->[com.google.android.datatransport:transport-runtime:3.1.8] AndroidManifest.xml:29:13-69
260        </service>
261
262        <receiver
262-->[com.google.android.datatransport:transport-runtime:3.1.8] AndroidManifest.xml:32:9-34:40
263            android:name="com.google.android.datatransport.runtime.scheduling.jobscheduling.AlarmManagerSchedulerBroadcastReceiver"
263-->[com.google.android.datatransport:transport-runtime:3.1.8] AndroidManifest.xml:33:13-132
264            android:exported="false" /> <!-- The activities will be merged into the manifest of the hosting app. -->
264-->[com.google.android.datatransport:transport-runtime:3.1.8] AndroidManifest.xml:34:13-37
265        <activity
265-->[com.google.android.play:core-common:2.0.3] AndroidManifest.xml:14:9-18:65
266            android:name="com.google.android.play.core.common.PlayCoreDialogWrapperActivity"
266-->[com.google.android.play:core-common:2.0.3] AndroidManifest.xml:15:13-93
267            android:exported="false"
267-->[com.google.android.play:core-common:2.0.3] AndroidManifest.xml:16:13-37
268            android:stateNotNeeded="true"